<?xml version="1.0" encoding="UTF-8"?>
<testsuite xmlns:xsi="http://www.w3.org/2001/XMLSchema-instance" xsi:noNamespaceSchemaLocation="https://maven.apache.org/surefire/maven-surefire-plugin/xsd/surefire-test-report.xsd" name="com.susstore.demo.DemoApplicationTests" time="4.187" tests="1" errors="0" skipped="0" failures="0">
  <properties>
    <property name="sun.desktop" value="windows"/>
    <property name="awt.toolkit" value="sun.awt.windows.WToolkit"/>
    <property name="java.specification.version" value="11"/>
    <property name="sun.cpu.isalist" value="amd64"/>
    <property name="sun.jnu.encoding" value="GBK"/>
    <property name="java.class.path" value="E:\SUSTech-Store\demo\target\test-classes;E:\SUSTech-Store\demo\target\classes;C:\Program Files\Maven\apache-maven-3.8.2-bin\apache-maven-3.8.2\lib\org\springframework\boot\spring-boot-starter\2.5.4\spring-boot-starter-2.5.4.jar;C:\Program Files\Maven\apache-maven-3.8.2-bin\apache-maven-3.8.2\lib\org\springframework\boot\spring-boot\2.5.4\spring-boot-2.5.4.jar;C:\Program Files\Maven\apache-maven-3.8.2-bin\apache-maven-3.8.2\lib\org\springframework\spring-context\5.3.9\spring-context-5.3.9.jar;C:\Program Files\Maven\apache-maven-3.8.2-bin\apache-maven-3.8.2\lib\org\springframework\boot\spring-boot-autoconfigure\2.5.4\spring-boot-autoconfigure-2.5.4.jar;C:\Program Files\Maven\apache-maven-3.8.2-bin\apache-maven-3.8.2\lib\org\springframework\boot\spring-boot-starter-logging\2.5.4\spring-boot-starter-logging-2.5.4.jar;C:\Program Files\Maven\apache-maven-3.8.2-bin\apache-maven-3.8.2\lib\ch\qos\logback\logback-classic\1.2.5\logback-classic-1.2.5.jar;C:\Program Files\Maven\apache-maven-3.8.2-bin\apache-maven-3.8.2\lib\ch\qos\logback\logback-core\1.2.5\logback-core-1.2.5.jar;C:\Program Files\Maven\apache-maven-3.8.2-bin\apache-maven-3.8.2\lib\org\apache\logging\log4j\log4j-to-slf4j\2.14.1\log4j-to-slf4j-2.14.1.jar;C:\Program Files\Maven\apache-maven-3.8.2-bin\apache-maven-3.8.2\lib\org\apache\logging\log4j\log4j-api\2.14.1\log4j-api-2.14.1.jar;C:\Program Files\Maven\apache-maven-3.8.2-bin\apache-maven-3.8.2\lib\org\slf4j\jul-to-slf4j\1.7.32\jul-to-slf4j-1.7.32.jar;C:\Program Files\Maven\apache-maven-3.8.2-bin\apache-maven-3.8.2\lib\jakarta\annotation\jakarta.annotation-api\1.3.5\jakarta.annotation-api-1.3.5.jar;C:\Program Files\Maven\apache-maven-3.8.2-bin\apache-maven-3.8.2\lib\org\springframework\spring-core\5.3.9\spring-core-5.3.9.jar;C:\Program Files\Maven\apache-maven-3.8.2-bin\apache-maven-3.8.2\lib\org\springframework\spring-jcl\5.3.9\spring-jcl-5.3.9.jar;C:\Program Files\Maven\apache-maven-3.8.2-bin\apache-maven-3.8.2\lib\org\yaml\snakeyaml\1.28\snakeyaml-1.28.jar;C:\Program Files\Maven\apache-maven-3.8.2-bin\apache-maven-3.8.2\lib\org\mybatis\spring\boot\mybatis-spring-boot-starter\2.2.0\mybatis-spring-boot-starter-2.2.0.jar;C:\Program Files\Maven\apache-maven-3.8.2-bin\apache-maven-3.8.2\lib\org\springframework\boot\spring-boot-starter-jdbc\2.5.4\spring-boot-starter-jdbc-2.5.4.jar;C:\Program Files\Maven\apache-maven-3.8.2-bin\apache-maven-3.8.2\lib\com\zaxxer\HikariCP\4.0.3\HikariCP-4.0.3.jar;C:\Program Files\Maven\apache-maven-3.8.2-bin\apache-maven-3.8.2\lib\org\springframework\spring-jdbc\5.3.9\spring-jdbc-5.3.9.jar;C:\Program Files\Maven\apache-maven-3.8.2-bin\apache-maven-3.8.2\lib\org\springframework\spring-tx\5.3.9\spring-tx-5.3.9.jar;C:\Program Files\Maven\apache-maven-3.8.2-bin\apache-maven-3.8.2\lib\org\mybatis\spring\boot\mybatis-spring-boot-autoconfigure\2.2.0\mybatis-spring-boot-autoconfigure-2.2.0.jar;C:\Program Files\Maven\apache-maven-3.8.2-bin\apache-maven-3.8.2\lib\org\mybatis\mybatis\3.5.7\mybatis-3.5.7.jar;C:\Program Files\Maven\apache-maven-3.8.2-bin\apache-maven-3.8.2\lib\org\mybatis\mybatis-spring\2.0.6\mybatis-spring-2.0.6.jar;C:\Program Files\Maven\apache-maven-3.8.2-bin\apache-maven-3.8.2\lib\org\springframework\boot\spring-boot-starter-web\2.5.4\spring-boot-starter-web-2.5.4.jar;C:\Program Files\Maven\apache-maven-3.8.2-bin\apache-maven-3.8.2\lib\org\springframework\boot\spring-boot-starter-json\2.5.4\spring-boot-starter-json-2.5.4.jar;C:\Program Files\Maven\apache-maven-3.8.2-bin\apache-maven-3.8.2\lib\com\fasterxml\jackson\core\jackson-databind\2.12.4\jackson-databind-2.12.4.jar;C:\Program Files\Maven\apache-maven-3.8.2-bin\apache-maven-3.8.2\lib\com\fasterxml\jackson\core\jackson-annotations\2.12.4\jackson-annotations-2.12.4.jar;C:\Program Files\Maven\apache-maven-3.8.2-bin\apache-maven-3.8.2\lib\com\fasterxml\jackson\core\jackson-core\2.12.4\jackson-core-2.12.4.jar;C:\Program Files\Maven\apache-maven-3.8.2-bin\apache-maven-3.8.2\lib\com\fasterxml\jackson\datatype\jackson-datatype-jdk8\2.12.4\jackson-datatype-jdk8-2.12.4.jar;C:\Program Files\Maven\apache-maven-3.8.2-bin\apache-maven-3.8.2\lib\com\fasterxml\jackson\datatype\jackson-datatype-jsr310\2.12.4\jackson-datatype-jsr310-2.12.4.jar;C:\Program Files\Maven\apache-maven-3.8.2-bin\apache-maven-3.8.2\lib\com\fasterxml\jackson\module\jackson-module-parameter-names\2.12.4\jackson-module-parameter-names-2.12.4.jar;C:\Program Files\Maven\apache-maven-3.8.2-bin\apache-maven-3.8.2\lib\org\springframework\boot\spring-boot-starter-tomcat\2.5.4\spring-boot-starter-tomcat-2.5.4.jar;C:\Program Files\Maven\apache-maven-3.8.2-bin\apache-maven-3.8.2\lib\org\apache\tomcat\embed\tomcat-embed-core\9.0.52\tomcat-embed-core-9.0.52.jar;C:\Program Files\Maven\apache-maven-3.8.2-bin\apache-maven-3.8.2\lib\org\apache\tomcat\embed\tomcat-embed-el\9.0.52\tomcat-embed-el-9.0.52.jar;C:\Program Files\Maven\apache-maven-3.8.2-bin\apache-maven-3.8.2\lib\org\apache\tomcat\embed\tomcat-embed-websocket\9.0.52\tomcat-embed-websocket-9.0.52.jar;C:\Program Files\Maven\apache-maven-3.8.2-bin\apache-maven-3.8.2\lib\org\springframework\spring-web\5.3.9\spring-web-5.3.9.jar;C:\Program Files\Maven\apache-maven-3.8.2-bin\apache-maven-3.8.2\lib\org\springframework\spring-beans\5.3.9\spring-beans-5.3.9.jar;C:\Program Files\Maven\apache-maven-3.8.2-bin\apache-maven-3.8.2\lib\org\springframework\spring-webmvc\5.3.9\spring-webmvc-5.3.9.jar;C:\Program Files\Maven\apache-maven-3.8.2-bin\apache-maven-3.8.2\lib\org\springframework\spring-aop\5.3.9\spring-aop-5.3.9.jar;C:\Program Files\Maven\apache-maven-3.8.2-bin\apache-maven-3.8.2\lib\org\springframework\spring-expression\5.3.9\spring-expression-5.3.9.jar;C:\Program Files\Maven\apache-maven-3.8.2-bin\apache-maven-3.8.2\lib\org\springframework\boot\spring-boot-configuration-processor\2.5.4\spring-boot-configuration-processor-2.5.4.jar;C:\Program Files\Maven\apache-maven-3.8.2-bin\apache-maven-3.8.2\lib\org\thymeleaf\thymeleaf-spring5\3.0.12.RELEASE\thymeleaf-spring5-3.0.12.RELEASE.jar;C:\Program Files\Maven\apache-maven-3.8.2-bin\apache-maven-3.8.2\lib\org\thymeleaf\thymeleaf\3.0.12.RELEASE\thymeleaf-3.0.12.RELEASE.jar;C:\Program Files\Maven\apache-maven-3.8.2-bin\apache-maven-3.8.2\lib\org\attoparser\attoparser\2.0.5.RELEASE\attoparser-2.0.5.RELEASE.jar;C:\Program Files\Maven\apache-maven-3.8.2-bin\apache-maven-3.8.2\lib\org\unbescape\unbescape\1.1.6.RELEASE\unbescape-1.1.6.RELEASE.jar;C:\Program Files\Maven\apache-maven-3.8.2-bin\apache-maven-3.8.2\lib\org\slf4j\slf4j-api\1.7.32\slf4j-api-1.7.32.jar;C:\Program Files\Maven\apache-maven-3.8.2-bin\apache-maven-3.8.2\lib\org\thymeleaf\extras\thymeleaf-extras-java8time\3.0.4.RELEASE\thymeleaf-extras-java8time-3.0.4.RELEASE.jar;C:\Program Files\Maven\apache-maven-3.8.2-bin\apache-maven-3.8.2\lib\org\postgresql\postgresql\42.2.23\postgresql-42.2.23.jar;C:\Program Files\Maven\apache-maven-3.8.2-bin\apache-maven-3.8.2\lib\org\checkerframework\checker-qual\3.5.0\checker-qual-3.5.0.jar;C:\Program Files\Maven\apache-maven-3.8.2-bin\apache-maven-3.8.2\lib\org\springframework\boot\spring-boot-starter-test\2.5.4\spring-boot-starter-test-2.5.4.jar;C:\Program Files\Maven\apache-maven-3.8.2-bin\apache-maven-3.8.2\lib\org\springframework\boot\spring-boot-test\2.5.4\spring-boot-test-2.5.4.jar;C:\Program Files\Maven\apache-maven-3.8.2-bin\apache-maven-3.8.2\lib\org\springframework\boot\spring-boot-test-autoconfigure\2.5.4\spring-boot-test-autoconfigure-2.5.4.jar;C:\Program Files\Maven\apache-maven-3.8.2-bin\apache-maven-3.8.2\lib\com\jayway\jsonpath\json-path\2.5.0\json-path-2.5.0.jar;C:\Program Files\Maven\apache-maven-3.8.2-bin\apache-maven-3.8.2\lib\net\minidev\json-smart\2.4.7\json-smart-2.4.7.jar;C:\Program Files\Maven\apache-maven-3.8.2-bin\apache-maven-3.8.2\lib\net\minidev\accessors-smart\2.4.7\accessors-smart-2.4.7.jar;C:\Program Files\Maven\apache-maven-3.8.2-bin\apache-maven-3.8.2\lib\org\ow2\asm\asm\9.1\asm-9.1.jar;C:\Program Files\Maven\apache-maven-3.8.2-bin\apache-maven-3.8.2\lib\jakarta\xml\bind\jakarta.xml.bind-api\2.3.3\jakarta.xml.bind-api-2.3.3.jar;C:\Program Files\Maven\apache-maven-3.8.2-bin\apache-maven-3.8.2\lib\jakarta\activation\jakarta.activation-api\1.2.2\jakarta.activation-api-1.2.2.jar;C:\Program Files\Maven\apache-maven-3.8.2-bin\apache-maven-3.8.2\lib\org\assertj\assertj-core\3.19.0\assertj-core-3.19.0.jar;C:\Program Files\Maven\apache-maven-3.8.2-bin\apache-maven-3.8.2\lib\org\hamcrest\hamcrest\2.2\hamcrest-2.2.jar;C:\Program Files\Maven\apache-maven-3.8.2-bin\apache-maven-3.8.2\lib\org\junit\jupiter\junit-jupiter\5.7.2\junit-jupiter-5.7.2.jar;C:\Program Files\Maven\apache-maven-3.8.2-bin\apache-maven-3.8.2\lib\org\junit\jupiter\junit-jupiter-api\5.7.2\junit-jupiter-api-5.7.2.jar;C:\Program Files\Maven\apache-maven-3.8.2-bin\apache-maven-3.8.2\lib\org\apiguardian\apiguardian-api\1.1.0\apiguardian-api-1.1.0.jar;C:\Program Files\Maven\apache-maven-3.8.2-bin\apache-maven-3.8.2\lib\org\opentest4j\opentest4j\1.2.0\opentest4j-1.2.0.jar;C:\Program Files\Maven\apache-maven-3.8.2-bin\apache-maven-3.8.2\lib\org\junit\platform\junit-platform-commons\1.7.2\junit-platform-commons-1.7.2.jar;C:\Program Files\Maven\apache-maven-3.8.2-bin\apache-maven-3.8.2\lib\org\junit\jupiter\junit-jupiter-params\5.7.2\junit-jupiter-params-5.7.2.jar;C:\Program Files\Maven\apache-maven-3.8.2-bin\apache-maven-3.8.2\lib\org\junit\jupiter\junit-jupiter-engine\5.7.2\junit-jupiter-engine-5.7.2.jar;C:\Program Files\Maven\apache-maven-3.8.2-bin\apache-maven-3.8.2\lib\org\junit\platform\junit-platform-engine\1.7.2\junit-platform-engine-1.7.2.jar;C:\Program Files\Maven\apache-maven-3.8.2-bin\apache-maven-3.8.2\lib\org\mockito\mockito-core\3.9.0\mockito-core-3.9.0.jar;C:\Program Files\Maven\apache-maven-3.8.2-bin\apache-maven-3.8.2\lib\net\bytebuddy\byte-buddy\1.10.22\byte-buddy-1.10.22.jar;C:\Program Files\Maven\apache-maven-3.8.2-bin\apache-maven-3.8.2\lib\net\bytebuddy\byte-buddy-agent\1.10.22\byte-buddy-agent-1.10.22.jar;C:\Program Files\Maven\apache-maven-3.8.2-bin\apache-maven-3.8.2\lib\org\objenesis\objenesis\3.2\objenesis-3.2.jar;C:\Program Files\Maven\apache-maven-3.8.2-bin\apache-maven-3.8.2\lib\org\mockito\mockito-junit-jupiter\3.9.0\mockito-junit-jupiter-3.9.0.jar;C:\Program Files\Maven\apache-maven-3.8.2-bin\apache-maven-3.8.2\lib\org\skyscreamer\jsonassert\1.5.0\jsonassert-1.5.0.jar;C:\Program Files\Maven\apache-maven-3.8.2-bin\apache-maven-3.8.2\lib\com\vaadin\external\google\android-json\0.0.20131108.vaadin1\android-json-0.0.20131108.vaadin1.jar;C:\Program Files\Maven\apache-maven-3.8.2-bin\apache-maven-3.8.2\lib\org\springframework\spring-test\5.3.9\spring-test-5.3.9.jar;C:\Program Files\Maven\apache-maven-3.8.2-bin\apache-maven-3.8.2\lib\org\xmlunit\xmlunit-core\2.8.2\xmlunit-core-2.8.2.jar;"/>
    <property name="java.vm.vendor" value="Oracle Corporation"/>
    <property name="sun.arch.data.model" value="64"/>
    <property name="user.variant" value=""/>
    <property name="java.vendor.url" value="https://openjdk.java.net/"/>
    <property name="user.timezone" value="Asia/Shanghai"/>
    <property name="java.vm.specification.version" value="11"/>
    <property name="os.name" value="Windows 10"/>
    <property name="sun.java.launcher" value="SUN_STANDARD"/>
    <property name="user.country" value="CN"/>
    <property name="sun.boot.library.path" value="C:\Program Files\OpenJDK\jdk-11.0.8.10-hotspot\bin"/>
    <property name="sun.java.command" value="C:\Users\联想\AppData\Local\Temp\surefire8685106982847519199\surefirebooter2190464628103001820.jar C:\Users\联想\AppData\Local\Temp\surefire8685106982847519199 2021-09-17T11-42-44_821-jvmRun1 surefire14319250546796286569tmp surefire_017962910076012660414tmp"/>
    <property name="jdk.debug" value="release"/>
    <property name="surefire.test.class.path" value="E:\SUSTech-Store\demo\target\test-classes;E:\SUSTech-Store\demo\target\classes;C:\Program Files\Maven\apache-maven-3.8.2-bin\apache-maven-3.8.2\lib\org\springframework\boot\spring-boot-starter\2.5.4\spring-boot-starter-2.5.4.jar;C:\Program Files\Maven\apache-maven-3.8.2-bin\apache-maven-3.8.2\lib\org\springframework\boot\spring-boot\2.5.4\spring-boot-2.5.4.jar;C:\Program Files\Maven\apache-maven-3.8.2-bin\apache-maven-3.8.2\lib\org\springframework\spring-context\5.3.9\spring-context-5.3.9.jar;C:\Program Files\Maven\apache-maven-3.8.2-bin\apache-maven-3.8.2\lib\org\springframework\boot\spring-boot-autoconfigure\2.5.4\spring-boot-autoconfigure-2.5.4.jar;C:\Program Files\Maven\apache-maven-3.8.2-bin\apache-maven-3.8.2\lib\org\springframework\boot\spring-boot-starter-logging\2.5.4\spring-boot-starter-logging-2.5.4.jar;C:\Program Files\Maven\apache-maven-3.8.2-bin\apache-maven-3.8.2\lib\ch\qos\logback\logback-classic\1.2.5\logback-classic-1.2.5.jar;C:\Program Files\Maven\apache-maven-3.8.2-bin\apache-maven-3.8.2\lib\ch\qos\logback\logback-core\1.2.5\logback-core-1.2.5.jar;C:\Program Files\Maven\apache-maven-3.8.2-bin\apache-maven-3.8.2\lib\org\apache\logging\log4j\log4j-to-slf4j\2.14.1\log4j-to-slf4j-2.14.1.jar;C:\Program Files\Maven\apache-maven-3.8.2-bin\apache-maven-3.8.2\lib\org\apache\logging\log4j\log4j-api\2.14.1\log4j-api-2.14.1.jar;C:\Program Files\Maven\apache-maven-3.8.2-bin\apache-maven-3.8.2\lib\org\slf4j\jul-to-slf4j\1.7.32\jul-to-slf4j-1.7.32.jar;C:\Program Files\Maven\apache-maven-3.8.2-bin\apache-maven-3.8.2\lib\jakarta\annotation\jakarta.annotation-api\1.3.5\jakarta.annotation-api-1.3.5.jar;C:\Program Files\Maven\apache-maven-3.8.2-bin\apache-maven-3.8.2\lib\org\springframework\spring-core\5.3.9\spring-core-5.3.9.jar;C:\Program Files\Maven\apache-maven-3.8.2-bin\apache-maven-3.8.2\lib\org\springframework\spring-jcl\5.3.9\spring-jcl-5.3.9.jar;C:\Program Files\Maven\apache-maven-3.8.2-bin\apache-maven-3.8.2\lib\org\yaml\snakeyaml\1.28\snakeyaml-1.28.jar;C:\Program Files\Maven\apache-maven-3.8.2-bin\apache-maven-3.8.2\lib\org\mybatis\spring\boot\mybatis-spring-boot-starter\2.2.0\mybatis-spring-boot-starter-2.2.0.jar;C:\Program Files\Maven\apache-maven-3.8.2-bin\apache-maven-3.8.2\lib\org\springframework\boot\spring-boot-starter-jdbc\2.5.4\spring-boot-starter-jdbc-2.5.4.jar;C:\Program Files\Maven\apache-maven-3.8.2-bin\apache-maven-3.8.2\lib\com\zaxxer\HikariCP\4.0.3\HikariCP-4.0.3.jar;C:\Program Files\Maven\apache-maven-3.8.2-bin\apache-maven-3.8.2\lib\org\springframework\spring-jdbc\5.3.9\spring-jdbc-5.3.9.jar;C:\Program Files\Maven\apache-maven-3.8.2-bin\apache-maven-3.8.2\lib\org\springframework\spring-tx\5.3.9\spring-tx-5.3.9.jar;C:\Program Files\Maven\apache-maven-3.8.2-bin\apache-maven-3.8.2\lib\org\mybatis\spring\boot\mybatis-spring-boot-autoconfigure\2.2.0\mybatis-spring-boot-autoconfigure-2.2.0.jar;C:\Program Files\Maven\apache-maven-3.8.2-bin\apache-maven-3.8.2\lib\org\mybatis\mybatis\3.5.7\mybatis-3.5.7.jar;C:\Program Files\Maven\apache-maven-3.8.2-bin\apache-maven-3.8.2\lib\org\mybatis\mybatis-spring\2.0.6\mybatis-spring-2.0.6.jar;C:\Program Files\Maven\apache-maven-3.8.2-bin\apache-maven-3.8.2\lib\org\springframework\boot\spring-boot-starter-web\2.5.4\spring-boot-starter-web-2.5.4.jar;C:\Program Files\Maven\apache-maven-3.8.2-bin\apache-maven-3.8.2\lib\org\springframework\boot\spring-boot-starter-json\2.5.4\spring-boot-starter-json-2.5.4.jar;C:\Program Files\Maven\apache-maven-3.8.2-bin\apache-maven-3.8.2\lib\com\fasterxml\jackson\core\jackson-databind\2.12.4\jackson-databind-2.12.4.jar;C:\Program Files\Maven\apache-maven-3.8.2-bin\apache-maven-3.8.2\lib\com\fasterxml\jackson\core\jackson-annotations\2.12.4\jackson-annotations-2.12.4.jar;C:\Program Files\Maven\apache-maven-3.8.2-bin\apache-maven-3.8.2\lib\com\fasterxml\jackson\core\jackson-core\2.12.4\jackson-core-2.12.4.jar;C:\Program Files\Maven\apache-maven-3.8.2-bin\apache-maven-3.8.2\lib\com\fasterxml\jackson\datatype\jackson-datatype-jdk8\2.12.4\jackson-datatype-jdk8-2.12.4.jar;C:\Program Files\Maven\apache-maven-3.8.2-bin\apache-maven-3.8.2\lib\com\fasterxml\jackson\datatype\jackson-datatype-jsr310\2.12.4\jackson-datatype-jsr310-2.12.4.jar;C:\Program Files\Maven\apache-maven-3.8.2-bin\apache-maven-3.8.2\lib\com\fasterxml\jackson\module\jackson-module-parameter-names\2.12.4\jackson-module-parameter-names-2.12.4.jar;C:\Program Files\Maven\apache-maven-3.8.2-bin\apache-maven-3.8.2\lib\org\springframework\boot\spring-boot-starter-tomcat\2.5.4\spring-boot-starter-tomcat-2.5.4.jar;C:\Program Files\Maven\apache-maven-3.8.2-bin\apache-maven-3.8.2\lib\org\apache\tomcat\embed\tomcat-embed-core\9.0.52\tomcat-embed-core-9.0.52.jar;C:\Program Files\Maven\apache-maven-3.8.2-bin\apache-maven-3.8.2\lib\org\apache\tomcat\embed\tomcat-embed-el\9.0.52\tomcat-embed-el-9.0.52.jar;C:\Program Files\Maven\apache-maven-3.8.2-bin\apache-maven-3.8.2\lib\org\apache\tomcat\embed\tomcat-embed-websocket\9.0.52\tomcat-embed-websocket-9.0.52.jar;C:\Program Files\Maven\apache-maven-3.8.2-bin\apache-maven-3.8.2\lib\org\springframework\spring-web\5.3.9\spring-web-5.3.9.jar;C:\Program Files\Maven\apache-maven-3.8.2-bin\apache-maven-3.8.2\lib\org\springframework\spring-beans\5.3.9\spring-beans-5.3.9.jar;C:\Program Files\Maven\apache-maven-3.8.2-bin\apache-maven-3.8.2\lib\org\springframework\spring-webmvc\5.3.9\spring-webmvc-5.3.9.jar;C:\Program Files\Maven\apache-maven-3.8.2-bin\apache-maven-3.8.2\lib\org\springframework\spring-aop\5.3.9\spring-aop-5.3.9.jar;C:\Program Files\Maven\apache-maven-3.8.2-bin\apache-maven-3.8.2\lib\org\springframework\spring-expression\5.3.9\spring-expression-5.3.9.jar;C:\Program Files\Maven\apache-maven-3.8.2-bin\apache-maven-3.8.2\lib\org\springframework\boot\spring-boot-configuration-processor\2.5.4\spring-boot-configuration-processor-2.5.4.jar;C:\Program Files\Maven\apache-maven-3.8.2-bin\apache-maven-3.8.2\lib\org\thymeleaf\thymeleaf-spring5\3.0.12.RELEASE\thymeleaf-spring5-3.0.12.RELEASE.jar;C:\Program Files\Maven\apache-maven-3.8.2-bin\apache-maven-3.8.2\lib\org\thymeleaf\thymeleaf\3.0.12.RELEASE\thymeleaf-3.0.12.RELEASE.jar;C:\Program Files\Maven\apache-maven-3.8.2-bin\apache-maven-3.8.2\lib\org\attoparser\attoparser\2.0.5.RELEASE\attoparser-2.0.5.RELEASE.jar;C:\Program Files\Maven\apache-maven-3.8.2-bin\apache-maven-3.8.2\lib\org\unbescape\unbescape\1.1.6.RELEASE\unbescape-1.1.6.RELEASE.jar;C:\Program Files\Maven\apache-maven-3.8.2-bin\apache-maven-3.8.2\lib\org\slf4j\slf4j-api\1.7.32\slf4j-api-1.7.32.jar;C:\Program Files\Maven\apache-maven-3.8.2-bin\apache-maven-3.8.2\lib\org\thymeleaf\extras\thymeleaf-extras-java8time\3.0.4.RELEASE\thymeleaf-extras-java8time-3.0.4.RELEASE.jar;C:\Program Files\Maven\apache-maven-3.8.2-bin\apache-maven-3.8.2\lib\org\postgresql\postgresql\42.2.23\postgresql-42.2.23.jar;C:\Program Files\Maven\apache-maven-3.8.2-bin\apache-maven-3.8.2\lib\org\checkerframework\checker-qual\3.5.0\checker-qual-3.5.0.jar;C:\Program Files\Maven\apache-maven-3.8.2-bin\apache-maven-3.8.2\lib\org\springframework\boot\spring-boot-starter-test\2.5.4\spring-boot-starter-test-2.5.4.jar;C:\Program Files\Maven\apache-maven-3.8.2-bin\apache-maven-3.8.2\lib\org\springframework\boot\spring-boot-test\2.5.4\spring-boot-test-2.5.4.jar;C:\Program Files\Maven\apache-maven-3.8.2-bin\apache-maven-3.8.2\lib\org\springframework\boot\spring-boot-test-autoconfigure\2.5.4\spring-boot-test-autoconfigure-2.5.4.jar;C:\Program Files\Maven\apache-maven-3.8.2-bin\apache-maven-3.8.2\lib\com\jayway\jsonpath\json-path\2.5.0\json-path-2.5.0.jar;C:\Program Files\Maven\apache-maven-3.8.2-bin\apache-maven-3.8.2\lib\net\minidev\json-smart\2.4.7\json-smart-2.4.7.jar;C:\Program Files\Maven\apache-maven-3.8.2-bin\apache-maven-3.8.2\lib\net\minidev\accessors-smart\2.4.7\accessors-smart-2.4.7.jar;C:\Program Files\Maven\apache-maven-3.8.2-bin\apache-maven-3.8.2\lib\org\ow2\asm\asm\9.1\asm-9.1.jar;C:\Program Files\Maven\apache-maven-3.8.2-bin\apache-maven-3.8.2\lib\jakarta\xml\bind\jakarta.xml.bind-api\2.3.3\jakarta.xml.bind-api-2.3.3.jar;C:\Program Files\Maven\apache-maven-3.8.2-bin\apache-maven-3.8.2\lib\jakarta\activation\jakarta.activation-api\1.2.2\jakarta.activation-api-1.2.2.jar;C:\Program Files\Maven\apache-maven-3.8.2-bin\apache-maven-3.8.2\lib\org\assertj\assertj-core\3.19.0\assertj-core-3.19.0.jar;C:\Program Files\Maven\apache-maven-3.8.2-bin\apache-maven-3.8.2\lib\org\hamcrest\hamcrest\2.2\hamcrest-2.2.jar;C:\Program Files\Maven\apache-maven-3.8.2-bin\apache-maven-3.8.2\lib\org\junit\jupiter\junit-jupiter\5.7.2\junit-jupiter-5.7.2.jar;C:\Program Files\Maven\apache-maven-3.8.2-bin\apache-maven-3.8.2\lib\org\junit\jupiter\junit-jupiter-api\5.7.2\junit-jupiter-api-5.7.2.jar;C:\Program Files\Maven\apache-maven-3.8.2-bin\apache-maven-3.8.2\lib\org\apiguardian\apiguardian-api\1.1.0\apiguardian-api-1.1.0.jar;C:\Program Files\Maven\apache-maven-3.8.2-bin\apache-maven-3.8.2\lib\org\opentest4j\opentest4j\1.2.0\opentest4j-1.2.0.jar;C:\Program Files\Maven\apache-maven-3.8.2-bin\apache-maven-3.8.2\lib\org\junit\platform\junit-platform-commons\1.7.2\junit-platform-commons-1.7.2.jar;C:\Program Files\Maven\apache-maven-3.8.2-bin\apache-maven-3.8.2\lib\org\junit\jupiter\junit-jupiter-params\5.7.2\junit-jupiter-params-5.7.2.jar;C:\Program Files\Maven\apache-maven-3.8.2-bin\apache-maven-3.8.2\lib\org\junit\jupiter\junit-jupiter-engine\5.7.2\junit-jupiter-engine-5.7.2.jar;C:\Program Files\Maven\apache-maven-3.8.2-bin\apache-maven-3.8.2\lib\org\junit\platform\junit-platform-engine\1.7.2\junit-platform-engine-1.7.2.jar;C:\Program Files\Maven\apache-maven-3.8.2-bin\apache-maven-3.8.2\lib\org\mockito\mockito-core\3.9.0\mockito-core-3.9.0.jar;C:\Program Files\Maven\apache-maven-3.8.2-bin\apache-maven-3.8.2\lib\net\bytebuddy\byte-buddy\1.10.22\byte-buddy-1.10.22.jar;C:\Program Files\Maven\apache-maven-3.8.2-bin\apache-maven-3.8.2\lib\net\bytebuddy\byte-buddy-agent\1.10.22\byte-buddy-agent-1.10.22.jar;C:\Program Files\Maven\apache-maven-3.8.2-bin\apache-maven-3.8.2\lib\org\objenesis\objenesis\3.2\objenesis-3.2.jar;C:\Program Files\Maven\apache-maven-3.8.2-bin\apache-maven-3.8.2\lib\org\mockito\mockito-junit-jupiter\3.9.0\mockito-junit-jupiter-3.9.0.jar;C:\Program Files\Maven\apache-maven-3.8.2-bin\apache-maven-3.8.2\lib\org\skyscreamer\jsonassert\1.5.0\jsonassert-1.5.0.jar;C:\Program Files\Maven\apache-maven-3.8.2-bin\apache-maven-3.8.2\lib\com\vaadin\external\google\android-json\0.0.20131108.vaadin1\android-json-0.0.20131108.vaadin1.jar;C:\Program Files\Maven\apache-maven-3.8.2-bin\apache-maven-3.8.2\lib\org\springframework\spring-test\5.3.9\spring-test-5.3.9.jar;C:\Program Files\Maven\apache-maven-3.8.2-bin\apache-maven-3.8.2\lib\org\xmlunit\xmlunit-core\2.8.2\xmlunit-core-2.8.2.jar;"/>
    <property name="sun.cpu.endian" value="little"/>
    <property name="user.home" value="C:\Users\联想"/>
    <property name="user.language" value="zh"/>
    <property name="java.specification.vendor" value="Oracle Corporation"/>
    <property name="java.version.date" value="2020-07-14"/>
    <property name="java.home" value="C:\Program Files\OpenJDK\jdk-11.0.8.10-hotspot"/>
    <property name="file.separator" value="\"/>
    <property name="basedir" value="E:\SUSTech-Store\demo"/>
    <property name="java.vm.compressedOopsMode" value="32-bit"/>
    <property name="line.separator" value="&#10;"/>
    <property name="java.specification.name" value="Java Platform API Specification"/>
    <property name="java.vm.specification.vendor" value="Oracle Corporation"/>
    <property name="java.awt.graphicsenv" value="sun.awt.Win32GraphicsEnvironment"/>
    <property name="surefire.real.class.path" value="C:\Users\联想\AppData\Local\Temp\surefire8685106982847519199\surefirebooter2190464628103001820.jar"/>
    <property name="user.script" value=""/>
    <property name="sun.management.compiler" value="HotSpot 64-Bit Tiered Compilers"/>
    <property name="java.runtime.version" value="11.0.8-internal+0-adhoc..jdk11u"/>
    <property name="user.name" value="联想"/>
    <property name="path.separator" value=";"/>
    <property name="os.version" value="10.0"/>
    <property name="java.runtime.name" value="OpenJDK Runtime Environment"/>
    <property name="file.encoding" value="GBK"/>
    <property name="java.vm.name" value="OpenJDK 64-Bit Server VM"/>
    <property name="localRepository" value="C:\Program Files\Maven\apache-maven-3.8.2-bin\apache-maven-3.8.2\lib"/>
    <property name="java.vendor.url.bug" value="https://bugreport.java.com/bugreport/"/>
    <property name="java.io.tmpdir" value="C:\Users\联想\AppData\Local\Temp\"/>
    <property name="idea.version" value="2021.1.1"/>
    <property name="java.version" value="11.0.8-internal"/>
    <property name="user.dir" value="E:\SUSTech-Store\demo"/>
    <property name="os.arch" value="amd64"/>
    <property name="java.vm.specification.name" value="Java Virtual Machine Specification"/>
    <property name="java.awt.printerjob" value="sun.awt.windows.WPrinterJob"/>
    <property name="sun.os.patch.level" value=""/>
    <property name="java.library.path" value="C:\Program Files\OpenJDK\jdk-11.0.8.10-hotspot\bin;C:\WINDOWS\Sun\Java\bin;C:\WINDOWS\system32;C:\WINDOWS;C:\Program Files (x86)\VMware\VMware Workstation\bin\;C:\Program Files (x86)\Common Files\Oracle\Java\javapath;C:\Program Files\Java\jdk1.8.0_221\bin;C:\Windows\system32;C:\Windows;C:\Windows\System32\Wbem;C:\Windows\System32\WindowsPowerShell\v1.0\;C:\Windows\System32\OpenSSH\;C:\Program Files (x86)\NVIDIA Corporation\PhysX\Common;C:\WINDOWS\system32;C:\WINDOWS;C:\WINDOWS\System32\Wbem;C:\WINDOWS\System32\WindowsPowerShell\v1.0\;C:\WINDOWS\System32\OpenSSH\;C:\Users\联想\AppData\Local\Google\Chrome\Application;D:\cygwin64\bin;D:\XiLinx\Vivado\2017.4\bin;C:\Program Files\Java\jdk1.8.0_221\jre\bin;C:\Program Files\Git\cmd;D:\MinGW\bin;D:\CMake\bin;D:\install\x64\mingw\bin;D:\python\Scripts\;D:\python\;C:\Users\联想\AppData\Local\Microsoft\WindowsApps;C:\Program Files\JetBrains\IntelliJ IDEA Community Edition 2019.3.1\bin;D:\Microsoft VS Code\bin;D:\datagrip\DataGrip 2020.3.1\bin;D:\CLion 2021.1\bin;C:\Program Files\JetBrains\PyCharm 2021.2.1\bin;D:\IntelliJ IDEA 2021.1.1\bin;."/>
    <property name="java.vm.info" value="mixed mode"/>
    <property name="java.vendor" value="N/A"/>
    <property name="java.vm.version" value="11.0.8-internal+0-adhoc..jdk11u"/>
    <property name="sun.io.unicode.encoding" value="UnicodeLittle"/>
    <property name="maven.repo.local" value="C:\Program Files\Maven\apache-maven-3.8.2-bin\apache-maven-3.8.2\lib"/>
    <property name="java.class.version" value="55.0"/>
  </properties>
  <testcase name="contextLoads" classname="com.susstore.demo.DemoApplicationTests" time="0.865"/>
</testsuite>